-----------------------------------------------------------------------------

Input image     : gal.fits[1:93,1:93] 
Init. par. file : galfit.feedme 
Restart file    : galfit.01 
Output image    : imgblock.fits 

 sersic    : (   46.53,    48.26)   22.98      2.62    4.11    0.86   -71.75
             (    0.02,     0.02)    0.02      0.11    0.29    0.02     5.88
 sky       : [ 47.00,  47.00]  7.30e-01  [0.00e+00]  [0.00e+00]
                                1.04e-01  [0.00e+00]  [0.00e+00]
 Chi^2 = 12695.04799,  ndof = 8641
 Chi^2/nu = 1.469 

-----------------------------------------------------------------------------
-----------------------------------------------------------------------------

Input image     : gal.fits[1:93,1:93] 
Init. par. file : galfit.feedme 
Restart file    : galfit.02 
Output image    : imgblock.fits 

 sersic    : (   46.53,    48.26)   22.98      2.62    4.11    0.86   -71.75
             (    0.02,     0.02)    0.02      0.11    0.29    0.02     5.88
 sky       : [ 47.00,  47.00]  7.30e-01  [0.00e+00]  [0.00e+00]
                                1.04e-01  [0.00e+00]  [0.00e+00]
 Chi^2 = 12695.04799,  ndof = 8641
 Chi^2/nu = 1.469 

-----------------------------------------------------------------------------
