-----------------------------------------------------------------------------

Input image     : psf_real.fits[1:61,1:61] 
Init. par. file : galfit.feedme 
Restart file    : galfit.01 
Output image    : imgblock.fits 

 moffat    : (   30.76,    32.62)   25.95      2.99    1.57    0.98    -2.81
             (    0.01,     0.01)    0.01      0.04    0.01    0.00     9.13
 Chi^2 = 1.46525,  ndof = 3714
 Chi^2/nu = 0.000 

-----------------------------------------------------------------------------
-----------------------------------------------------------------------------

Input image     : psf_real.fits[1:61,1:61] 
Init. par. file : galfit.feedme 
Restart file    : galfit.02 
Output image    : imgblock.fits 

 moffat    : (   30.75,    32.61)   25.94      3.06    1.57    0.93    20.74
             (    0.01,     0.02)    0.01      0.04    0.01    0.01     2.39
 Chi^2 = 1.44779,  ndof = 3714
 Chi^2/nu = 0.000 

-----------------------------------------------------------------------------
